Wed Sep 10 12:35:41 AM JST 2025: Starting board programming process...
Wed Sep 10 12:35:53 AM JST 2025: Valid DEV_EUI scanned: 0025CA000000235D
Wed Sep 10 12:35:53 AM JST 2025: Backup created: /home/kevin/source/STM32CubeIDE/cw-Seri/Core/Src/main.c.bak
Wed Sep 10 12:35:53 AM JST 2025: DEV_EUI updated in /home/kevin/source/STM32CubeIDE/cw-Seri/Core/Src/main.c
Wed Sep 10 12:35:53 AM JST 2025: Building project...
Wed Sep 10 12:35:53 AM JST 2025: Error: Build failed with exit code 2
Wed Sep 10 12:38:01 AM JST 2025: Starting board programming process...
Wed Sep 10 12:38:04 AM JST 2025: Valid DEV_EUI scanned: 0025CA000000235D
Wed Sep 10 12:38:04 AM JST 2025: Backup created: /home/kevin/source/STM32CubeIDE/cw-Seri/Core/Src/main.c.bak
Wed Sep 10 12:38:04 AM JST 2025: DEV_EUI updated in /home/kevin/source/STM32CubeIDE/cw-Seri/Core/Src/main.c
Wed Sep 10 12:38:04 AM JST 2025: Building project...
Wed Sep 10 12:38:05 AM JST 2025: Build successful.
Wed Sep 10 12:38:05 AM JST 2025: Flashing MCU...
Wed Sep 10 12:38:05 AM JST 2025: Error: Flashing failed with exit code 1
Wed Sep 10 12:38:18 AM JST 2025: Starting board programming process...
Wed Sep 10 12:38:20 AM JST 2025: Valid DEV_EUI scanned: 0025CA000000235D
Wed Sep 10 12:38:20 AM JST 2025: Backup created: /home/kevin/source/STM32CubeIDE/cw-Seri/Core/Src/main.c.bak
Wed Sep 10 12:38:20 AM JST 2025: DEV_EUI updated in /home/kevin/source/STM32CubeIDE/cw-Seri/Core/Src/main.c
Wed Sep 10 12:38:20 AM JST 2025: Building project...
Wed Sep 10 12:38:21 AM JST 2025: Build successful.
Wed Sep 10 12:38:21 AM JST 2025: Flashing MCU...
Wed Sep 10 12:38:21 AM JST 2025: Error: Flashing failed with exit code 1
Wed Sep 10 12:39:39 AM JST 2025: Starting board programming process...
Wed Sep 10 12:39:42 AM JST 2025: Valid DEV_EUI scanned: 0025CA000000235D
Wed Sep 10 12:39:42 AM JST 2025: Backup created: /home/kevin/source/STM32CubeIDE/cw-Seri/Core/Src/main.c.bak
Wed Sep 10 12:39:42 AM JST 2025: DEV_EUI updated in /home/kevin/source/STM32CubeIDE/cw-Seri/Core/Src/main.c
Wed Sep 10 12:39:42 AM JST 2025: Building project...
Wed Sep 10 12:39:43 AM JST 2025: Build successful.
Wed Sep 10 12:39:43 AM JST 2025: Flashing MCU...
Wed Sep 10 12:39:47 AM JST 2025: Flashing successful. Board programmed with DEV_EUI: 0025CA000000235D
Wed Sep 10 12:41:28 AM JST 2025: Starting board programming process...
Wed Sep 10 12:41:31 AM JST 2025: Valid DEV_EUI scanned: 0025CA000000235D
Wed Sep 10 12:41:31 AM JST 2025: Backup created: /home/kevin/source/STM32CubeIDE/cw-Seri/Core/Src/main.c.bak
Wed Sep 10 12:41:31 AM JST 2025: DEV_EUI updated in /home/kevin/source/STM32CubeIDE/cw-Seri/Core/Src/main.c
Wed Sep 10 12:41:31 AM JST 2025: Building project...
Wed Sep 10 12:41:31 AM JST 2025: Build successful.
Wed Sep 10 12:41:31 AM JST 2025: Flashing MCU...
Wed Sep 10 12:41:35 AM JST 2025: Flashing successful. Board programmed with DEV_EUI: 0025CA000000235D
